[debug] [2022-12-30T21:20:45.103Z] ----------------------------------------------------------------------
[debug] [2022-12-30T21:20:45.104Z] Command:       /usr/local/bin/node /usr/local/bin/firebase deploy --only hosting
[debug] [2022-12-30T21:20:45.104Z] CLI Version:   11.19.0
[debug] [2022-12-30T21:20:45.104Z] Platform:      darwin
[debug] [2022-12-30T21:20:45.104Z] Node Version:  v18.12.1
[debug] [2022-12-30T21:20:45.105Z] Time:          Fri Dec 30 2022 22:20:45 GMT+0100 (Central European Standard Time)
[debug] [2022-12-30T21:20:45.105Z] ----------------------------------------------------------------------
[debug] 
[debug] [2022-12-30T21:20:45.136Z] > command requires scopes: ["email","openid","https://www.googleapis.com/auth/cloudplatformprojects.readonly","https://www.googleapis.com/auth/firebase","https://www.googleapis.com/auth/cloud-platform"]
[debug] [2022-12-30T21:20:45.136Z] > authorizing via signed-in user (anders.morille@gmail.com)
[debug] [2022-12-30T21:20:45.136Z] [iam] checking project logicar-8d096 for permissions ["firebase.projects.get","firebasehosting.sites.update"]
[debug] [2022-12-30T21:20:45.137Z] > refreshing access token with scopes: []
[debug] [2022-12-30T21:20:45.138Z] >>> [apiv2][query] POST https://www.googleapis.com/oauth2/v3/token [none]
[debug] [2022-12-30T21:20:45.138Z] >>> [apiv2][body] POST https://www.googleapis.com/oauth2/v3/token [omitted]
[debug] [2022-12-30T21:20:45.269Z] <<< [apiv2][status] POST https://www.googleapis.com/oauth2/v3/token 200
[debug] [2022-12-30T21:20:45.269Z] <<< [apiv2][body] POST https://www.googleapis.com/oauth2/v3/token [omitted]
[debug] [2022-12-30T21:20:45.280Z] >>> [apiv2][query] POST https://cloudresourcemanager.googleapis.com/v1/projects/logicar-8d096:testIamPermissions [none]
[debug] [2022-12-30T21:20:45.280Z] >>> [apiv2][(partial)header] POST https://cloudresourcemanager.googleapis.com/v1/projects/logicar-8d096:testIamPermissions x-goog-quota-user=projects/logicar-8d096
[debug] [2022-12-30T21:20:45.280Z] >>> [apiv2][body] POST https://cloudresourcemanager.googleapis.com/v1/projects/logicar-8d096:testIamPermissions {"permissions":["firebase.projects.get","firebasehosting.sites.update"]}
[debug] [2022-12-30T21:20:46.038Z] <<< [apiv2][status] POST https://cloudresourcemanager.googleapis.com/v1/projects/logicar-8d096:testIamPermissions 200
[debug] [2022-12-30T21:20:46.039Z] <<< [apiv2][body] POST https://cloudresourcemanager.googleapis.com/v1/projects/logicar-8d096:testIamPermissions {"permissions":["firebase.projects.get","firebasehosting.sites.update"]}
[debug] [2022-12-30T21:20:46.040Z] >>> [apiv2][query] GET https://firebase.googleapis.com/v1beta1/projects/logicar-8d096 [none]
[debug] [2022-12-30T21:20:46.481Z] <<< [apiv2][status] GET https://firebase.googleapis.com/v1beta1/projects/logicar-8d096 200
[debug] [2022-12-30T21:20:46.481Z] <<< [apiv2][body] GET https://firebase.googleapis.com/v1beta1/projects/logicar-8d096 {"projectId":"logicar-8d096","projectNumber":"811934711912","displayName":"Logicar","name":"projects/logicar-8d096","resources":{"hostingSite":"logicar-8d096","storageBucket":"logicar-8d096.appspot.com","locationId":"europe-west"},"state":"ACTIVE","etag":"1_8e10e977-bf5f-443d-ac83-aa615fbc1a35"}
[info] 
[info] === Deploying to 'logicar-8d096'...
[info] 
[info] i  deploying functions, hosting 
[debug] [2022-12-30T21:21:09.910Z] >>> [apiv2][query] GET https://firebase.googleapis.com/v1beta1/projects/logicar-8d096 [none]
[debug] [2022-12-30T21:21:10.206Z] <<< [apiv2][status] GET https://firebase.googleapis.com/v1beta1/projects/logicar-8d096 200
[debug] [2022-12-30T21:21:10.206Z] <<< [apiv2][body] GET https://firebase.googleapis.com/v1beta1/projects/logicar-8d096 {"projectId":"logicar-8d096","projectNumber":"811934711912","displayName":"Logicar","name":"projects/logicar-8d096","resources":{"hostingSite":"logicar-8d096","storageBucket":"logicar-8d096.appspot.com","locationId":"europe-west"},"state":"ACTIVE","etag":"1_8e10e977-bf5f-443d-ac83-aa615fbc1a35"}
[info] i  functions: preparing codebase firebase-frameworks-logicarwebsite for deployment 
[info] i  functions: ensuring required API cloudfunctions.googleapis.com is enabled... 
[info] i  functions: ensuring required API cloudbuild.googleapis.com is enabled... 
[info] i  artifactregistry: ensuring required API artifactregistry.googleapis.com is enabled... 
[debug] [2022-12-30T21:21:10.207Z] >>> [apiv2][query] GET https://serviceusage.googleapis.com/v1/projects/logicar-8d096/services/cloudfunctions.googleapis.com [none]
[debug] [2022-12-30T21:21:10.207Z] >>> [apiv2][(partial)header] GET https://serviceusage.googleapis.com/v1/projects/logicar-8d096/services/cloudfunctions.googleapis.com x-goog-quota-user=projects/logicar-8d096
[debug] [2022-12-30T21:21:10.208Z] >>> [apiv2][query] GET https://serviceusage.googleapis.com/v1/projects/logicar-8d096/services/runtimeconfig.googleapis.com [none]
[debug] [2022-12-30T21:21:10.208Z] >>> [apiv2][(partial)header] GET https://serviceusage.googleapis.com/v1/projects/logicar-8d096/services/runtimeconfig.googleapis.com x-goog-quota-user=projects/logicar-8d096
[debug] [2022-12-30T21:21:10.208Z] >>> [apiv2][query] GET https://serviceusage.googleapis.com/v1/projects/logicar-8d096/services/cloudbuild.googleapis.com [none]
[debug] [2022-12-30T21:21:10.208Z] >>> [apiv2][(partial)header] GET https://serviceusage.googleapis.com/v1/projects/logicar-8d096/services/cloudbuild.googleapis.com x-goog-quota-user=projects/logicar-8d096
[debug] [2022-12-30T21:21:10.209Z] >>> [apiv2][query] GET https://serviceusage.googleapis.com/v1/projects/logicar-8d096/services/artifactregistry.googleapis.com [none]
[debug] [2022-12-30T21:21:10.209Z] >>> [apiv2][(partial)header] GET https://serviceusage.googleapis.com/v1/projects/logicar-8d096/services/artifactregistry.googleapis.com x-goog-quota-user=projects/logicar-8d096
[debug] [2022-12-30T21:21:11.124Z] <<< [apiv2][status] GET https://serviceusage.googleapis.com/v1/projects/logicar-8d096/services/cloudfunctions.googleapis.com 200
[debug] [2022-12-30T21:21:11.125Z] <<< [apiv2][body] GET https://serviceusage.googleapis.com/v1/projects/logicar-8d096/services/cloudfunctions.googleapis.com [omitted]
[info] ✔  functions: required API cloudfunctions.googleapis.com is enabled 
[debug] [2022-12-30T21:21:11.137Z] <<< [apiv2][status] GET https://serviceusage.googleapis.com/v1/projects/logicar-8d096/services/runtimeconfig.googleapis.com 200
[debug] [2022-12-30T21:21:11.137Z] <<< [apiv2][body] GET https://serviceusage.googleapis.com/v1/projects/logicar-8d096/services/runtimeconfig.googleapis.com [omitted]
[debug] [2022-12-30T21:21:11.140Z] <<< [apiv2][status] GET https://serviceusage.googleapis.com/v1/projects/logicar-8d096/services/cloudbuild.googleapis.com 200
[debug] [2022-12-30T21:21:11.140Z] <<< [apiv2][body] GET https://serviceusage.googleapis.com/v1/projects/logicar-8d096/services/cloudbuild.googleapis.com [omitted]
[info] ✔  functions: required API cloudbuild.googleapis.com is enabled 
[debug] [2022-12-30T21:21:11.141Z] <<< [apiv2][status] GET https://serviceusage.googleapis.com/v1/projects/logicar-8d096/services/artifactregistry.googleapis.com 200
[debug] [2022-12-30T21:21:11.141Z] <<< [apiv2][body] GET https://serviceusage.googleapis.com/v1/projects/logicar-8d096/services/artifactregistry.googleapis.com [omitted]
[info] ✔  artifactregistry: required API artifactregistry.googleapis.com is enabled 
[debug] [2022-12-30T21:21:11.141Z] >>> [apiv2][query] GET https://firebase.googleapis.com/v1beta1/projects/logicar-8d096/adminSdkConfig [none]
[debug] [2022-12-30T21:21:11.415Z] <<< [apiv2][status] GET https://firebase.googleapis.com/v1beta1/projects/logicar-8d096/adminSdkConfig 200
[debug] [2022-12-30T21:21:11.415Z] <<< [apiv2][body] GET https://firebase.googleapis.com/v1beta1/projects/logicar-8d096/adminSdkConfig {"projectId":"logicar-8d096","storageBucket":"logicar-8d096.appspot.com","locationId":"europe-west"}
[debug] [2022-12-30T21:21:11.416Z] >>> [apiv2][query] GET https://runtimeconfig.googleapis.com/v1beta1/projects/logicar-8d096/configs [none]
[debug] [2022-12-30T21:21:11.898Z] <<< [apiv2][status] GET https://runtimeconfig.googleapis.com/v1beta1/projects/logicar-8d096/configs 200
[debug] [2022-12-30T21:21:11.898Z] <<< [apiv2][body] GET https://runtimeconfig.googleapis.com/v1beta1/projects/logicar-8d096/configs {}
[debug] [2022-12-30T21:21:11.899Z] Validating nodejs source
[warn] ⚠  functions: package.json indicates an outdated version of firebase-functions. Please upgrade using npm install --save firebase-functions@latest in your functions directory. 
[warn] ⚠  functions: Please note that there will be breaking changes when you upgrade. 
[debug] [2022-12-30T21:21:12.451Z] > [functions] package.json contents: {
  "name": "next-js-boilerplate",
  "version": "1.0.0",
  "scripts": {
    "dev": "next dev",
    "build": "next build",
    "start": "next start",
    "build-stats": "cross-env ANALYZE=true npm run build",
    "export": "next export",
    "build-prod": "run-s clean build export",
    "clean": "rimraf .next out",
    "lint": "next lint",
    "build-types": "tsc --noEmit --pretty",
    "prepare": "cd .. && husky installtemplate/.husky"
  },
  "dependencies": {
    "classnames": "^2.3.1",
    "next": "^12.0.9",
    "next-seo": "^4.29.0",
    "react": "^17.0.2",
    "react-dom": "^17.0.2",
    "styled-jsx-plugin-postcss": "^4.0.1",
    "firebase-frameworks": "^0.6.0",
    "firebase-functions": "^3.23.0",
    "firebase-admin": "^11.0.1"
  },
  "license": "ISC",
  "main": "server.js",
  "engines": {
    "node": "18"
  }
}
[debug] [2022-12-30T21:21:12.451Z] Building nodejs source
[debug] [2022-12-30T21:21:12.452Z] Found functions.yaml. Got spec: {
  "endpoints": {
    "ssrlogicarwebsite": {
      "platform": "gcfv2",
      "region": [
        "us-central1"
      ],
      "labels": {},
      "httpsTrigger": {},
      "entryPoint": "ssr"
    }
  },
  "specVersion": "v1alpha1",
  "requiredAPIs": []
}
[info] i  functions: Loaded environment variables from .env. 
[info] i  functions: preparing .firebase/logicarwebsite/functions directory for uploading... 
[info] i  functions: packaged /Users/manders/Documents/GitHub/logicar/logicar_website/.firebase/logicarwebsite/functions (13.68 MB) for uploading 
[debug] [2022-12-30T21:21:12.994Z] >>> [apiv2][query] GET https://cloudfunctions.googleapis.com/v1/projects/logicar-8d096/locations/-/functions [none]
[debug] [2022-12-30T21:21:13.840Z] <<< [apiv2][status] GET https://cloudfunctions.googleapis.com/v1/projects/logicar-8d096/locations/-/functions 200
[debug] [2022-12-30T21:21:13.841Z] <<< [apiv2][body] GET https://cloudfunctions.googleapis.com/v1/projects/logicar-8d096/locations/-/functions {"functions":[{"name":"projects/logicar-8d096/locations/europe-west1/functions/api","httpsTrigger":{"url":"https://europe-west1-logicar-8d096.cloudfunctions.net/api","securityLevel":"SECURE_ALWAYS"},"status":"ACTIVE","entryPoint":"api","timeout":"540s","availableMemoryMb":8192,"serviceAccountEmail":"logicar-8d096@appspot.gserviceaccount.com","updateTime":"2022-12-20T10:36:50.318Z","versionId":"14","labels":{"deployment-tool":"cli-firebase","firebase-functions-hash":"e953dd31c2b67a420470ef07364426bb14c46f6c"},"sourceUploadUrl":"https://storage.googleapis.com/uploads-875102479299.europe-west1.cloudfunctions.appspot.com/cabbd2bc-4d2c-4858-b238-0671d4b0dd93.zip","environmentVariables":{"FIREBASE_CONFIG":"{\"projectId\":\"logicar-8d096\",\"storageBucket\":\"logicar-8d096.appspot.com\",\"locationId\":\"europe-west\"}","GCLOUD_PROJECT":"logicar-8d096","EVENTARC_CLOUD_EVENT_SOURCE":"projects/logicar-8d096/locations/europe-west1/functions/api"},"runtime":"nodejs16","ingressSettings":"ALLOW_ALL","buildId":"a0276f5a-d847-4d3e-9bac-622ea2f20b02","buildName":"projects/811934711912/locations/europe-west1/builds/a0276f5a-d847-4d3e-9bac-622ea2f20b02","dockerRegistry":"ARTIFACT_REGISTRY"}]}
[debug] [2022-12-30T21:21:13.842Z] >>> [apiv2][query] GET https://cloudfunctions.googleapis.com/v2/projects/logicar-8d096/locations/-/functions filter=environment%3D%22GEN_2%22
[debug] [2022-12-30T21:21:14.986Z] <<< [apiv2][status] GET https://cloudfunctions.googleapis.com/v2/projects/logicar-8d096/locations/-/functions 200
[debug] [2022-12-30T21:21:14.986Z] <<< [apiv2][body] GET https://cloudfunctions.googleapis.com/v2/projects/logicar-8d096/locations/-/functions {"functions":[{"name":"projects/logicar-8d096/locations/us-central1/functions/ssrlogicarwebsite","buildConfig":{"build":"projects/811934711912/locations/us-central1/builds/70d02bc8-9805-464f-b419-7f028162b05f","runtime":"nodejs18","entryPoint":"ssr","source":{"storageSource":{"bucket":"gcf-v2-sources-811934711912-us-central1","object":"ssrlogicarwebsite/function-source.zip"}},"sourceProvenance":{"resolvedStorageSource":{"bucket":"gcf-v2-sources-811934711912-us-central1","object":"ssrlogicarwebsite/function-source.zip","generation":"1672421549206996"}}},"state":"FAILED","updateTime":"2022-12-30T17:33:16.258926042Z","labels":{"firebase-functions-codebase":"firebase-frameworks-logicarwebsite","firebase-functions-hash":"27bc0bc0caaf79f9c52d1994f3709c1c11c94729","deployment-tool":"cli-firebase"},"stateMessages":[{"severity":"ERROR","type":"CloudRunServiceNotFound","message":"Cloud Run service projects/logicar-8d096/locations/us-central1/services/ssrlogicarwebsite for the function was not found. The function will not work correctly. Please redeploy."}],"environment":"GEN_2"}]}
[debug] [2022-12-30T21:21:14.987Z] TypeError: Cannot read properties of undefined (reading 'service')
    at /usr/local/lib/node_modules/firebase-tools/lib/deploy/functions/backend.js:198:113
    at Array.map (<anonymous>)
    at loadExistingBackend (/usr/local/lib/node_modules/firebase-tools/lib/deploy/functions/backend.js:198:69)
    at process.processTicksAndRejections (node:internal/process/task_queues:95:5)
    at async Object.existingBackend (/usr/local/lib/node_modules/firebase-tools/lib/deploy/functions/backend.js:174:9)
    at async prepare (/usr/local/lib/node_modules/firebase-tools/lib/deploy/functions/prepare.js:138:115)
    at async chain (/usr/local/lib/node_modules/firebase-tools/lib/deploy/index.js:35:9)
    at async deploy (/usr/local/lib/node_modules/firebase-tools/lib/deploy/index.js:79:5)
[error] 
[error] Error: An unexpected error has occurred.
[debug] [2022-12-30T21:25:33.722Z] ----------------------------------------------------------------------
[debug] [2022-12-30T21:25:33.723Z] Command:       /usr/local/bin/node /usr/local/bin/firebase functions:delete ssrlogicarwebsite
[debug] [2022-12-30T21:25:33.723Z] CLI Version:   11.19.0
[debug] [2022-12-30T21:25:33.723Z] Platform:      darwin
[debug] [2022-12-30T21:25:33.723Z] Node Version:  v18.12.1
[debug] [2022-12-30T21:25:33.724Z] Time:          Fri Dec 30 2022 22:25:33 GMT+0100 (Central European Standard Time)
[debug] [2022-12-30T21:25:33.724Z] ----------------------------------------------------------------------
[debug] 
[debug] [2022-12-30T21:25:33.755Z] > command requires scopes: ["email","openid","https://www.googleapis.com/auth/cloudplatformprojects.readonly","https://www.googleapis.com/auth/firebase","https://www.googleapis.com/auth/cloud-platform"]
[debug] [2022-12-30T21:25:33.755Z] > authorizing via signed-in user (anders.morille@gmail.com)
[debug] [2022-12-30T21:25:33.755Z] [iam] checking project logicar-8d096 for permissions ["cloudfunctions.functions.delete","cloudfunctions.functions.list","firebase.projects.get"]
[debug] [2022-12-30T21:25:33.756Z] >>> [apiv2][query] POST https://cloudresourcemanager.googleapis.com/v1/projects/logicar-8d096:testIamPermissions [none]
[debug] [2022-12-30T21:25:33.756Z] >>> [apiv2][(partial)header] POST https://cloudresourcemanager.googleapis.com/v1/projects/logicar-8d096:testIamPermissions x-goog-quota-user=projects/logicar-8d096
[debug] [2022-12-30T21:25:33.756Z] >>> [apiv2][body] POST https://cloudresourcemanager.googleapis.com/v1/projects/logicar-8d096:testIamPermissions {"permissions":["cloudfunctions.functions.delete","cloudfunctions.functions.list","firebase.projects.get"]}
[debug] [2022-12-30T21:25:34.516Z] <<< [apiv2][status] POST https://cloudresourcemanager.googleapis.com/v1/projects/logicar-8d096:testIamPermissions 200
[debug] [2022-12-30T21:25:34.516Z] <<< [apiv2][body] POST https://cloudresourcemanager.googleapis.com/v1/projects/logicar-8d096:testIamPermissions {"permissions":["cloudfunctions.functions.delete","cloudfunctions.functions.list","firebase.projects.get"]}
[debug] [2022-12-30T21:25:34.518Z] >>> [apiv2][query] GET https://firebase.googleapis.com/v1beta1/projects/logicar-8d096/adminSdkConfig [none]
[debug] [2022-12-30T21:25:34.520Z] >>> [apiv2][query] GET https://cloudfunctions.googleapis.com/v1/projects/logicar-8d096/locations/-/functions [none]
[debug] [2022-12-30T21:25:34.797Z] <<< [apiv2][status] GET https://firebase.googleapis.com/v1beta1/projects/logicar-8d096/adminSdkConfig 200
[debug] [2022-12-30T21:25:34.798Z] <<< [apiv2][body] GET https://firebase.googleapis.com/v1beta1/projects/logicar-8d096/adminSdkConfig {"projectId":"logicar-8d096","storageBucket":"logicar-8d096.appspot.com","locationId":"europe-west"}
[debug] [2022-12-30T21:25:35.198Z] <<< [apiv2][status] GET https://cloudfunctions.googleapis.com/v1/projects/logicar-8d096/locations/-/functions 200
[debug] [2022-12-30T21:25:35.199Z] <<< [apiv2][body] GET https://cloudfunctions.googleapis.com/v1/projects/logicar-8d096/locations/-/functions {"functions":[{"name":"projects/logicar-8d096/locations/europe-west1/functions/api","httpsTrigger":{"url":"https://europe-west1-logicar-8d096.cloudfunctions.net/api","securityLevel":"SECURE_ALWAYS"},"status":"ACTIVE","entryPoint":"api","timeout":"540s","availableMemoryMb":8192,"serviceAccountEmail":"logicar-8d096@appspot.gserviceaccount.com","updateTime":"2022-12-20T10:36:50.318Z","versionId":"14","labels":{"deployment-tool":"cli-firebase","firebase-functions-hash":"e953dd31c2b67a420470ef07364426bb14c46f6c"},"sourceUploadUrl":"https://storage.googleapis.com/uploads-875102479299.europe-west1.cloudfunctions.appspot.com/cabbd2bc-4d2c-4858-b238-0671d4b0dd93.zip","environmentVariables":{"FIREBASE_CONFIG":"{\"projectId\":\"logicar-8d096\",\"storageBucket\":\"logicar-8d096.appspot.com\",\"locationId\":\"europe-west\"}","GCLOUD_PROJECT":"logicar-8d096","EVENTARC_CLOUD_EVENT_SOURCE":"projects/logicar-8d096/locations/europe-west1/functions/api"},"runtime":"nodejs16","ingressSettings":"ALLOW_ALL","buildId":"a0276f5a-d847-4d3e-9bac-622ea2f20b02","buildName":"projects/811934711912/locations/europe-west1/builds/a0276f5a-d847-4d3e-9bac-622ea2f20b02","dockerRegistry":"ARTIFACT_REGISTRY"}]}
[debug] [2022-12-30T21:25:35.199Z] >>> [apiv2][query] GET https://cloudfunctions.googleapis.com/v2/projects/logicar-8d096/locations/-/functions filter=environment%3D%22GEN_2%22
[debug] [2022-12-30T21:25:36.323Z] <<< [apiv2][status] GET https://cloudfunctions.googleapis.com/v2/projects/logicar-8d096/locations/-/functions 200
[debug] [2022-12-30T21:25:36.323Z] <<< [apiv2][body] GET https://cloudfunctions.googleapis.com/v2/projects/logicar-8d096/locations/-/functions {"functions":[{"name":"projects/logicar-8d096/locations/us-central1/functions/ssrlogicarwebsite","buildConfig":{"build":"projects/811934711912/locations/us-central1/builds/70d02bc8-9805-464f-b419-7f028162b05f","runtime":"nodejs18","entryPoint":"ssr","source":{"storageSource":{"bucket":"gcf-v2-sources-811934711912-us-central1","object":"ssrlogicarwebsite/function-source.zip"}},"sourceProvenance":{"resolvedStorageSource":{"bucket":"gcf-v2-sources-811934711912-us-central1","object":"ssrlogicarwebsite/function-source.zip","generation":"1672421549206996"}}},"state":"FAILED","updateTime":"2022-12-30T17:33:16.258926042Z","labels":{"deployment-tool":"cli-firebase","firebase-functions-codebase":"firebase-frameworks-logicarwebsite","firebase-functions-hash":"27bc0bc0caaf79f9c52d1994f3709c1c11c94729"},"stateMessages":[{"severity":"ERROR","type":"CloudRunServiceNotFound","message":"Cloud Run service projects/logicar-8d096/locations/us-central1/services/ssrlogicarwebsite for the function was not found. The function will not work correctly. Please redeploy."}],"environment":"GEN_2"}]}
[debug] [2022-12-30T21:25:36.326Z] TypeError: Cannot read properties of undefined (reading 'service')
    at /usr/local/lib/node_modules/firebase-tools/lib/deploy/functions/backend.js:198:113
    at Array.map (<anonymous>)
    at loadExistingBackend (/usr/local/lib/node_modules/firebase-tools/lib/deploy/functions/backend.js:198:69)
    at process.processTicksAndRejections (node:internal/process/task_queues:95:5)
    at async Object.existingBackend (/usr/local/lib/node_modules/firebase-tools/lib/deploy/functions/backend.js:174:9)
    at async Promise.all (index 1)
    at async Command.actionFn (/usr/local/lib/node_modules/firebase-tools/lib/commands/functions-delete.js:35:39)
[error] 
[error] Error: An unexpected error has occurred.
[debug] [2022-12-30T21:26:25.489Z] ----------------------------------------------------------------------
[debug] [2022-12-30T21:26:25.490Z] Command:       /usr/local/bin/node /usr/local/bin/firebase functions:delete ssrlogicarwebsite --force
[debug] [2022-12-30T21:26:25.490Z] CLI Version:   11.19.0
[debug] [2022-12-30T21:26:25.490Z] Platform:      darwin
[debug] [2022-12-30T21:26:25.490Z] Node Version:  v18.12.1
[debug] [2022-12-30T21:26:25.491Z] Time:          Fri Dec 30 2022 22:26:25 GMT+0100 (Central European Standard Time)
[debug] [2022-12-30T21:26:25.491Z] ----------------------------------------------------------------------
[debug] 
[debug] [2022-12-30T21:26:25.522Z] > command requires scopes: ["email","openid","https://www.googleapis.com/auth/cloudplatformprojects.readonly","https://www.googleapis.com/auth/firebase","https://www.googleapis.com/auth/cloud-platform"]
[debug] [2022-12-30T21:26:25.522Z] > authorizing via signed-in user (anders.morille@gmail.com)
[debug] [2022-12-30T21:26:25.522Z] [iam] checking project logicar-8d096 for permissions ["cloudfunctions.functions.delete","cloudfunctions.functions.list","firebase.projects.get"]
[debug] [2022-12-30T21:26:25.523Z] >>> [apiv2][query] POST https://cloudresourcemanager.googleapis.com/v1/projects/logicar-8d096:testIamPermissions [none]
[debug] [2022-12-30T21:26:25.523Z] >>> [apiv2][(partial)header] POST https://cloudresourcemanager.googleapis.com/v1/projects/logicar-8d096:testIamPermissions x-goog-quota-user=projects/logicar-8d096
[debug] [2022-12-30T21:26:25.524Z] >>> [apiv2][body] POST https://cloudresourcemanager.googleapis.com/v1/projects/logicar-8d096:testIamPermissions {"permissions":["cloudfunctions.functions.delete","cloudfunctions.functions.list","firebase.projects.get"]}
[debug] [2022-12-30T21:26:26.380Z] <<< [apiv2][status] POST https://cloudresourcemanager.googleapis.com/v1/projects/logicar-8d096:testIamPermissions 200
[debug] [2022-12-30T21:26:26.380Z] <<< [apiv2][body] POST https://cloudresourcemanager.googleapis.com/v1/projects/logicar-8d096:testIamPermissions {"permissions":["cloudfunctions.functions.delete","cloudfunctions.functions.list","firebase.projects.get"]}
[debug] [2022-12-30T21:26:26.381Z] >>> [apiv2][query] GET https://firebase.googleapis.com/v1beta1/projects/logicar-8d096/adminSdkConfig [none]
[debug] [2022-12-30T21:26:26.383Z] >>> [apiv2][query] GET https://cloudfunctions.googleapis.com/v1/projects/logicar-8d096/locations/-/functions [none]
[debug] [2022-12-30T21:26:26.648Z] <<< [apiv2][status] GET https://firebase.googleapis.com/v1beta1/projects/logicar-8d096/adminSdkConfig 200
[debug] [2022-12-30T21:26:26.649Z] <<< [apiv2][body] GET https://firebase.googleapis.com/v1beta1/projects/logicar-8d096/adminSdkConfig {"projectId":"logicar-8d096","storageBucket":"logicar-8d096.appspot.com","locationId":"europe-west"}
[debug] [2022-12-30T21:26:27.055Z] <<< [apiv2][status] GET https://cloudfunctions.googleapis.com/v1/projects/logicar-8d096/locations/-/functions 200
[debug] [2022-12-30T21:26:27.056Z] <<< [apiv2][body] GET https://cloudfunctions.googleapis.com/v1/projects/logicar-8d096/locations/-/functions {"functions":[{"name":"projects/logicar-8d096/locations/europe-west1/functions/api","httpsTrigger":{"url":"https://europe-west1-logicar-8d096.cloudfunctions.net/api","securityLevel":"SECURE_ALWAYS"},"status":"ACTIVE","entryPoint":"api","timeout":"540s","availableMemoryMb":8192,"serviceAccountEmail":"logicar-8d096@appspot.gserviceaccount.com","updateTime":"2022-12-20T10:36:50.318Z","versionId":"14","labels":{"deployment-tool":"cli-firebase","firebase-functions-hash":"e953dd31c2b67a420470ef07364426bb14c46f6c"},"sourceUploadUrl":"https://storage.googleapis.com/uploads-875102479299.europe-west1.cloudfunctions.appspot.com/cabbd2bc-4d2c-4858-b238-0671d4b0dd93.zip","environmentVariables":{"FIREBASE_CONFIG":"{\"projectId\":\"logicar-8d096\",\"storageBucket\":\"logicar-8d096.appspot.com\",\"locationId\":\"europe-west\"}","GCLOUD_PROJECT":"logicar-8d096","EVENTARC_CLOUD_EVENT_SOURCE":"projects/logicar-8d096/locations/europe-west1/functions/api"},"runtime":"nodejs16","ingressSettings":"ALLOW_ALL","buildId":"a0276f5a-d847-4d3e-9bac-622ea2f20b02","buildName":"projects/811934711912/locations/europe-west1/builds/a0276f5a-d847-4d3e-9bac-622ea2f20b02","dockerRegistry":"ARTIFACT_REGISTRY"}]}
[debug] [2022-12-30T21:26:27.058Z] >>> [apiv2][query] GET https://cloudfunctions.googleapis.com/v2/projects/logicar-8d096/locations/-/functions filter=environment%3D%22GEN_2%22
[debug] [2022-12-30T21:26:28.214Z] <<< [apiv2][status] GET https://cloudfunctions.googleapis.com/v2/projects/logicar-8d096/locations/-/functions 200
[debug] [2022-12-30T21:26:28.214Z] <<< [apiv2][body] GET https://cloudfunctions.googleapis.com/v2/projects/logicar-8d096/locations/-/functions {"functions":[{"name":"projects/logicar-8d096/locations/us-central1/functions/ssrlogicarwebsite","buildConfig":{"build":"projects/811934711912/locations/us-central1/builds/70d02bc8-9805-464f-b419-7f028162b05f","runtime":"nodejs18","entryPoint":"ssr","source":{"storageSource":{"bucket":"gcf-v2-sources-811934711912-us-central1","object":"ssrlogicarwebsite/function-source.zip"}},"sourceProvenance":{"resolvedStorageSource":{"bucket":"gcf-v2-sources-811934711912-us-central1","object":"ssrlogicarwebsite/function-source.zip","generation":"1672421549206996"}}},"state":"FAILED","updateTime":"2022-12-30T17:33:16.258926042Z","labels":{"firebase-functions-hash":"27bc0bc0caaf79f9c52d1994f3709c1c11c94729","deployment-tool":"cli-firebase","firebase-functions-codebase":"firebase-frameworks-logicarwebsite"},"stateMessages":[{"severity":"ERROR","type":"CloudRunServiceNotFound","message":"Cloud Run service projects/logicar-8d096/locations/us-central1/services/ssrlogicarwebsite for the function was not found. The function will not work correctly. Please redeploy."}],"environment":"GEN_2"}]}
[debug] [2022-12-30T21:26:28.217Z] TypeError: Cannot read properties of undefined (reading 'service')
    at /usr/local/lib/node_modules/firebase-tools/lib/deploy/functions/backend.js:198:113
    at Array.map (<anonymous>)
    at loadExistingBackend (/usr/local/lib/node_modules/firebase-tools/lib/deploy/functions/backend.js:198:69)
    at process.processTicksAndRejections (node:internal/process/task_queues:95:5)
    at async Object.existingBackend (/usr/local/lib/node_modules/firebase-tools/lib/deploy/functions/backend.js:174:9)
    at async Promise.all (index 1)
    at async Command.actionFn (/usr/local/lib/node_modules/firebase-tools/lib/commands/functions-delete.js:35:39)
[error] 
[error] Error: An unexpected error has occurred.
[debug] [2022-12-30T21:29:18.591Z] ----------------------------------------------------------------------
[debug] [2022-12-30T21:29:18.592Z] Command:       /usr/local/bin/node /usr/local/bin/firebase functions:delete ssrlogicarwebsite --force
[debug] [2022-12-30T21:29:18.592Z] CLI Version:   11.19.0
[debug] [2022-12-30T21:29:18.592Z] Platform:      darwin
[debug] [2022-12-30T21:29:18.592Z] Node Version:  v18.12.1
[debug] [2022-12-30T21:29:18.593Z] Time:          Fri Dec 30 2022 22:29:18 GMT+0100 (Central European Standard Time)
[debug] [2022-12-30T21:29:18.593Z] ----------------------------------------------------------------------
[debug] 
[debug] [2022-12-30T21:29:18.624Z] > command requires scopes: ["email","openid","https://www.googleapis.com/auth/cloudplatformprojects.readonly","https://www.googleapis.com/auth/firebase","https://www.googleapis.com/auth/cloud-platform"]
[debug] [2022-12-30T21:29:18.624Z] > authorizing via signed-in user (anders.morille@gmail.com)
[debug] [2022-12-30T21:29:18.625Z] [iam] checking project logicar-8d096 for permissions ["cloudfunctions.functions.delete","cloudfunctions.functions.list","firebase.projects.get"]
[debug] [2022-12-30T21:29:18.625Z] >>> [apiv2][query] POST https://cloudresourcemanager.googleapis.com/v1/projects/logicar-8d096:testIamPermissions [none]
[debug] [2022-12-30T21:29:18.626Z] >>> [apiv2][(partial)header] POST https://cloudresourcemanager.googleapis.com/v1/projects/logicar-8d096:testIamPermissions x-goog-quota-user=projects/logicar-8d096
[debug] [2022-12-30T21:29:18.626Z] >>> [apiv2][body] POST https://cloudresourcemanager.googleapis.com/v1/projects/logicar-8d096:testIamPermissions {"permissions":["cloudfunctions.functions.delete","cloudfunctions.functions.list","firebase.projects.get"]}
[debug] [2022-12-30T21:29:19.433Z] <<< [apiv2][status] POST https://cloudresourcemanager.googleapis.com/v1/projects/logicar-8d096:testIamPermissions 200
[debug] [2022-12-30T21:29:19.433Z] <<< [apiv2][body] POST https://cloudresourcemanager.googleapis.com/v1/projects/logicar-8d096:testIamPermissions {"permissions":["cloudfunctions.functions.delete","cloudfunctions.functions.list","firebase.projects.get"]}
[debug] [2022-12-30T21:29:19.435Z] >>> [apiv2][query] GET https://firebase.googleapis.com/v1beta1/projects/logicar-8d096/adminSdkConfig [none]
[debug] [2022-12-30T21:29:19.437Z] >>> [apiv2][query] GET https://cloudfunctions.googleapis.com/v1/projects/logicar-8d096/locations/-/functions [none]
[debug] [2022-12-30T21:29:19.695Z] <<< [apiv2][status] GET https://firebase.googleapis.com/v1beta1/projects/logicar-8d096/adminSdkConfig 200
[debug] [2022-12-30T21:29:19.695Z] <<< [apiv2][body] GET https://firebase.googleapis.com/v1beta1/projects/logicar-8d096/adminSdkConfig {"projectId":"logicar-8d096","storageBucket":"logicar-8d096.appspot.com","locationId":"europe-west"}
[debug] [2022-12-30T21:29:20.134Z] <<< [apiv2][status] GET https://cloudfunctions.googleapis.com/v1/projects/logicar-8d096/locations/-/functions 200
[debug] [2022-12-30T21:29:20.134Z] <<< [apiv2][body] GET https://cloudfunctions.googleapis.com/v1/projects/logicar-8d096/locations/-/functions {"functions":[{"name":"projects/logicar-8d096/locations/europe-west1/functions/api","httpsTrigger":{"url":"https://europe-west1-logicar-8d096.cloudfunctions.net/api","securityLevel":"SECURE_ALWAYS"},"status":"ACTIVE","entryPoint":"api","timeout":"540s","availableMemoryMb":8192,"serviceAccountEmail":"logicar-8d096@appspot.gserviceaccount.com","updateTime":"2022-12-20T10:36:50.318Z","versionId":"14","labels":{"deployment-tool":"cli-firebase","firebase-functions-hash":"e953dd31c2b67a420470ef07364426bb14c46f6c"},"sourceUploadUrl":"https://storage.googleapis.com/uploads-875102479299.europe-west1.cloudfunctions.appspot.com/cabbd2bc-4d2c-4858-b238-0671d4b0dd93.zip","environmentVariables":{"FIREBASE_CONFIG":"{\"projectId\":\"logicar-8d096\",\"storageBucket\":\"logicar-8d096.appspot.com\",\"locationId\":\"europe-west\"}","GCLOUD_PROJECT":"logicar-8d096","EVENTARC_CLOUD_EVENT_SOURCE":"projects/logicar-8d096/locations/europe-west1/functions/api"},"runtime":"nodejs16","ingressSettings":"ALLOW_ALL","buildId":"a0276f5a-d847-4d3e-9bac-622ea2f20b02","buildName":"projects/811934711912/locations/europe-west1/builds/a0276f5a-d847-4d3e-9bac-622ea2f20b02","dockerRegistry":"ARTIFACT_REGISTRY"}]}
[debug] [2022-12-30T21:29:20.135Z] >>> [apiv2][query] GET https://cloudfunctions.googleapis.com/v2/projects/logicar-8d096/locations/-/functions filter=environment%3D%22GEN_2%22
[debug] [2022-12-30T21:29:21.225Z] <<< [apiv2][status] GET https://cloudfunctions.googleapis.com/v2/projects/logicar-8d096/locations/-/functions 200
[debug] [2022-12-30T21:29:21.225Z] <<< [apiv2][body] GET https://cloudfunctions.googleapis.com/v2/projects/logicar-8d096/locations/-/functions {"functions":[{"name":"projects/logicar-8d096/locations/us-central1/functions/ssrlogicarwebsite","buildConfig":{"build":"projects/811934711912/locations/us-central1/builds/70d02bc8-9805-464f-b419-7f028162b05f","runtime":"nodejs18","entryPoint":"ssr","source":{"storageSource":{"bucket":"gcf-v2-sources-811934711912-us-central1","object":"ssrlogicarwebsite/function-source.zip"}},"sourceProvenance":{"resolvedStorageSource":{"bucket":"gcf-v2-sources-811934711912-us-central1","object":"ssrlogicarwebsite/function-source.zip","generation":"1672421549206996"}}},"state":"FAILED","updateTime":"2022-12-30T17:33:16.258926042Z","labels":{"firebase-functions-codebase":"firebase-frameworks-logicarwebsite","firebase-functions-hash":"27bc0bc0caaf79f9c52d1994f3709c1c11c94729","deployment-tool":"cli-firebase"},"stateMessages":[{"severity":"ERROR","type":"CloudRunServiceNotFound","message":"Cloud Run service projects/logicar-8d096/locations/us-central1/services/ssrlogicarwebsite for the function was not found. The function will not work correctly. Please redeploy."}],"environment":"GEN_2"}]}
[debug] [2022-12-30T21:29:21.227Z] TypeError: Cannot read properties of undefined (reading 'service')
    at /usr/local/lib/node_modules/firebase-tools/lib/deploy/functions/backend.js:198:113
    at Array.map (<anonymous>)
    at loadExistingBackend (/usr/local/lib/node_modules/firebase-tools/lib/deploy/functions/backend.js:198:69)
    at process.processTicksAndRejections (node:internal/process/task_queues:95:5)
    at async Object.existingBackend (/usr/local/lib/node_modules/firebase-tools/lib/deploy/functions/backend.js:174:9)
    at async Promise.all (index 1)
    at async Command.actionFn (/usr/local/lib/node_modules/firebase-tools/lib/commands/functions-delete.js:35:39)
[error] 
[error] Error: An unexpected error has occurred.
[debug] [2022-12-30T21:29:35.000Z] ----------------------------------------------------------------------
[debug] [2022-12-30T21:29:35.001Z] Command:       /usr/local/bin/node /usr/local/bin/firebase functions:delete ssrlogicarwebsite --force
[debug] [2022-12-30T21:29:35.001Z] CLI Version:   11.19.0
[debug] [2022-12-30T21:29:35.001Z] Platform:      darwin
[debug] [2022-12-30T21:29:35.001Z] Node Version:  v18.12.1
[debug] [2022-12-30T21:29:35.002Z] Time:          Fri Dec 30 2022 22:29:35 GMT+0100 (Central European Standard Time)
[debug] [2022-12-30T21:29:35.002Z] ----------------------------------------------------------------------
[debug] 
[debug] [2022-12-30T21:29:35.033Z] > command requires scopes: ["email","openid","https://www.googleapis.com/auth/cloudplatformprojects.readonly","https://www.googleapis.com/auth/firebase","https://www.googleapis.com/auth/cloud-platform"]
[debug] [2022-12-30T21:29:35.033Z] > authorizing via signed-in user (anders.morille@gmail.com)
[debug] [2022-12-30T21:29:35.033Z] [iam] checking project logicar-8d096 for permissions ["cloudfunctions.functions.delete","cloudfunctions.functions.list","firebase.projects.get"]
[debug] [2022-12-30T21:29:35.034Z] >>> [apiv2][query] POST https://cloudresourcemanager.googleapis.com/v1/projects/logicar-8d096:testIamPermissions [none]
[debug] [2022-12-30T21:29:35.034Z] >>> [apiv2][(partial)header] POST https://cloudresourcemanager.googleapis.com/v1/projects/logicar-8d096:testIamPermissions x-goog-quota-user=projects/logicar-8d096
[debug] [2022-12-30T21:29:35.034Z] >>> [apiv2][body] POST https://cloudresourcemanager.googleapis.com/v1/projects/logicar-8d096:testIamPermissions {"permissions":["cloudfunctions.functions.delete","cloudfunctions.functions.list","firebase.projects.get"]}
[debug] [2022-12-30T21:29:35.788Z] <<< [apiv2][status] POST https://cloudresourcemanager.googleapis.com/v1/projects/logicar-8d096:testIamPermissions 200
[debug] [2022-12-30T21:29:35.788Z] <<< [apiv2][body] POST https://cloudresourcemanager.googleapis.com/v1/projects/logicar-8d096:testIamPermissions {"permissions":["cloudfunctions.functions.delete","cloudfunctions.functions.list","firebase.projects.get"]}
[debug] [2022-12-30T21:29:35.789Z] >>> [apiv2][query] GET https://firebase.googleapis.com/v1beta1/projects/logicar-8d096/adminSdkConfig [none]
[debug] [2022-12-30T21:29:35.791Z] >>> [apiv2][query] GET https://cloudfunctions.googleapis.com/v1/projects/logicar-8d096/locations/-/functions [none]
[debug] [2022-12-30T21:29:36.036Z] <<< [apiv2][status] GET https://firebase.googleapis.com/v1beta1/projects/logicar-8d096/adminSdkConfig 200
[debug] [2022-12-30T21:29:36.036Z] <<< [apiv2][body] GET https://firebase.googleapis.com/v1beta1/projects/logicar-8d096/adminSdkConfig {"projectId":"logicar-8d096","storageBucket":"logicar-8d096.appspot.com","locationId":"europe-west"}
[debug] [2022-12-30T21:29:36.310Z] <<< [apiv2][status] GET https://cloudfunctions.googleapis.com/v1/projects/logicar-8d096/locations/-/functions 200
[debug] [2022-12-30T21:29:36.310Z] <<< [apiv2][body] GET https://cloudfunctions.googleapis.com/v1/projects/logicar-8d096/locations/-/functions {"functions":[{"name":"projects/logicar-8d096/locations/europe-west1/functions/api","httpsTrigger":{"url":"https://europe-west1-logicar-8d096.cloudfunctions.net/api","securityLevel":"SECURE_ALWAYS"},"status":"ACTIVE","entryPoint":"api","timeout":"540s","availableMemoryMb":8192,"serviceAccountEmail":"logicar-8d096@appspot.gserviceaccount.com","updateTime":"2022-12-20T10:36:50.318Z","versionId":"14","labels":{"deployment-tool":"cli-firebase","firebase-functions-hash":"e953dd31c2b67a420470ef07364426bb14c46f6c"},"sourceUploadUrl":"https://storage.googleapis.com/uploads-875102479299.europe-west1.cloudfunctions.appspot.com/cabbd2bc-4d2c-4858-b238-0671d4b0dd93.zip","environmentVariables":{"FIREBASE_CONFIG":"{\"projectId\":\"logicar-8d096\",\"storageBucket\":\"logicar-8d096.appspot.com\",\"locationId\":\"europe-west\"}","GCLOUD_PROJECT":"logicar-8d096","EVENTARC_CLOUD_EVENT_SOURCE":"projects/logicar-8d096/locations/europe-west1/functions/api"},"runtime":"nodejs16","ingressSettings":"ALLOW_ALL","buildId":"a0276f5a-d847-4d3e-9bac-622ea2f20b02","buildName":"projects/811934711912/locations/europe-west1/builds/a0276f5a-d847-4d3e-9bac-622ea2f20b02","dockerRegistry":"ARTIFACT_REGISTRY"}]}
[debug] [2022-12-30T21:29:36.312Z] >>> [apiv2][query] GET https://cloudfunctions.googleapis.com/v2/projects/logicar-8d096/locations/-/functions filter=environment%3D%22GEN_2%22
[debug] [2022-12-30T21:29:37.412Z] <<< [apiv2][status] GET https://cloudfunctions.googleapis.com/v2/projects/logicar-8d096/locations/-/functions 200
[debug] [2022-12-30T21:29:37.413Z] <<< [apiv2][body] GET https://cloudfunctions.googleapis.com/v2/projects/logicar-8d096/locations/-/functions {"functions":[{"name":"projects/logicar-8d096/locations/us-central1/functions/ssrlogicarwebsite","buildConfig":{"build":"projects/811934711912/locations/us-central1/builds/70d02bc8-9805-464f-b419-7f028162b05f","runtime":"nodejs18","entryPoint":"ssr","source":{"storageSource":{"bucket":"gcf-v2-sources-811934711912-us-central1","object":"ssrlogicarwebsite/function-source.zip"}},"sourceProvenance":{"resolvedStorageSource":{"bucket":"gcf-v2-sources-811934711912-us-central1","object":"ssrlogicarwebsite/function-source.zip","generation":"1672421549206996"}}},"state":"FAILED","updateTime":"2022-12-30T17:33:16.258926042Z","labels":{"firebase-functions-codebase":"firebase-frameworks-logicarwebsite","firebase-functions-hash":"27bc0bc0caaf79f9c52d1994f3709c1c11c94729","deployment-tool":"cli-firebase"},"stateMessages":[{"severity":"ERROR","type":"CloudRunServiceNotFound","message":"Cloud Run service projects/logicar-8d096/locations/us-central1/services/ssrlogicarwebsite for the function was not found. The function will not work correctly. Please redeploy."}],"environment":"GEN_2"}]}
[debug] [2022-12-30T21:29:37.416Z] TypeError: Cannot read properties of undefined (reading 'service')
    at /usr/local/lib/node_modules/firebase-tools/lib/deploy/functions/backend.js:198:113
    at Array.map (<anonymous>)
    at loadExistingBackend (/usr/local/lib/node_modules/firebase-tools/lib/deploy/functions/backend.js:198:69)
    at process.processTicksAndRejections (node:internal/process/task_queues:95:5)
    at async Object.existingBackend (/usr/local/lib/node_modules/firebase-tools/lib/deploy/functions/backend.js:174:9)
    at async Promise.all (index 1)
    at async Command.actionFn (/usr/local/lib/node_modules/firebase-tools/lib/commands/functions-delete.js:35:39)
[error] 
[error] Error: An unexpected error has occurred.
[debug] [2022-12-30T21:31:23.549Z] ----------------------------------------------------------------------
[debug] [2022-12-30T21:31:23.550Z] Command:       /usr/local/bin/node /usr/local/bin/firebase functions:delete ssrlogicarwebsite --force
[debug] [2022-12-30T21:31:23.550Z] CLI Version:   11.19.0
[debug] [2022-12-30T21:31:23.550Z] Platform:      darwin
[debug] [2022-12-30T21:31:23.550Z] Node Version:  v18.12.1
[debug] [2022-12-30T21:31:23.551Z] Time:          Fri Dec 30 2022 22:31:23 GMT+0100 (Central European Standard Time)
[debug] [2022-12-30T21:31:23.551Z] ----------------------------------------------------------------------
[debug] 
[debug] [2022-12-30T21:31:23.583Z] > command requires scopes: ["email","openid","https://www.googleapis.com/auth/cloudplatformprojects.readonly","https://www.googleapis.com/auth/firebase","https://www.googleapis.com/auth/cloud-platform"]
[debug] [2022-12-30T21:31:23.583Z] > authorizing via signed-in user (anders.morille@gmail.com)
[debug] [2022-12-30T21:31:23.583Z] [iam] checking project logicar-8d096 for permissions ["cloudfunctions.functions.delete","cloudfunctions.functions.list","firebase.projects.get"]
[debug] [2022-12-30T21:31:23.584Z] >>> [apiv2][query] POST https://cloudresourcemanager.googleapis.com/v1/projects/logicar-8d096:testIamPermissions [none]
[debug] [2022-12-30T21:31:23.584Z] >>> [apiv2][(partial)header] POST https://cloudresourcemanager.googleapis.com/v1/projects/logicar-8d096:testIamPermissions x-goog-quota-user=projects/logicar-8d096
[debug] [2022-12-30T21:31:23.584Z] >>> [apiv2][body] POST https://cloudresourcemanager.googleapis.com/v1/projects/logicar-8d096:testIamPermissions {"permissions":["cloudfunctions.functions.delete","cloudfunctions.functions.list","firebase.projects.get"]}
[debug] [2022-12-30T21:31:24.364Z] <<< [apiv2][status] POST https://cloudresourcemanager.googleapis.com/v1/projects/logicar-8d096:testIamPermissions 200
[debug] [2022-12-30T21:31:24.364Z] <<< [apiv2][body] POST https://cloudresourcemanager.googleapis.com/v1/projects/logicar-8d096:testIamPermissions {"permissions":["cloudfunctions.functions.delete","cloudfunctions.functions.list","firebase.projects.get"]}
[debug] [2022-12-30T21:31:24.365Z] >>> [apiv2][query] GET https://firebase.googleapis.com/v1beta1/projects/logicar-8d096/adminSdkConfig [none]
[debug] [2022-12-30T21:31:24.367Z] >>> [apiv2][query] GET https://cloudfunctions.googleapis.com/v1/projects/logicar-8d096/locations/-/functions [none]
[debug] [2022-12-30T21:31:24.660Z] <<< [apiv2][status] GET https://firebase.googleapis.com/v1beta1/projects/logicar-8d096/adminSdkConfig 200
[debug] [2022-12-30T21:31:24.660Z] <<< [apiv2][body] GET https://firebase.googleapis.com/v1beta1/projects/logicar-8d096/adminSdkConfig {"projectId":"logicar-8d096","storageBucket":"logicar-8d096.appspot.com","locationId":"europe-west"}
[debug] [2022-12-30T21:31:25.072Z] <<< [apiv2][status] GET https://cloudfunctions.googleapis.com/v1/projects/logicar-8d096/locations/-/functions 200
[debug] [2022-12-30T21:31:25.073Z] <<< [apiv2][body] GET https://cloudfunctions.googleapis.com/v1/projects/logicar-8d096/locations/-/functions {"functions":[{"name":"projects/logicar-8d096/locations/europe-west1/functions/api","httpsTrigger":{"url":"https://europe-west1-logicar-8d096.cloudfunctions.net/api","securityLevel":"SECURE_ALWAYS"},"status":"ACTIVE","entryPoint":"api","timeout":"540s","availableMemoryMb":8192,"serviceAccountEmail":"logicar-8d096@appspot.gserviceaccount.com","updateTime":"2022-12-20T10:36:50.318Z","versionId":"14","labels":{"deployment-tool":"cli-firebase","firebase-functions-hash":"e953dd31c2b67a420470ef07364426bb14c46f6c"},"sourceUploadUrl":"https://storage.googleapis.com/uploads-875102479299.europe-west1.cloudfunctions.appspot.com/cabbd2bc-4d2c-4858-b238-0671d4b0dd93.zip","environmentVariables":{"FIREBASE_CONFIG":"{\"projectId\":\"logicar-8d096\",\"storageBucket\":\"logicar-8d096.appspot.com\",\"locationId\":\"europe-west\"}","GCLOUD_PROJECT":"logicar-8d096","EVENTARC_CLOUD_EVENT_SOURCE":"projects/logicar-8d096/locations/europe-west1/functions/api"},"runtime":"nodejs16","ingressSettings":"ALLOW_ALL","buildId":"a0276f5a-d847-4d3e-9bac-622ea2f20b02","buildName":"projects/811934711912/locations/europe-west1/builds/a0276f5a-d847-4d3e-9bac-622ea2f20b02","dockerRegistry":"ARTIFACT_REGISTRY"}]}
[debug] [2022-12-30T21:31:25.074Z] >>> [apiv2][query] GET https://cloudfunctions.googleapis.com/v2/projects/logicar-8d096/locations/-/functions filter=environment%3D%22GEN_2%22
[debug] [2022-12-30T21:31:26.302Z] <<< [apiv2][status] GET https://cloudfunctions.googleapis.com/v2/projects/logicar-8d096/locations/-/functions 200
[debug] [2022-12-30T21:31:26.302Z] <<< [apiv2][body] GET https://cloudfunctions.googleapis.com/v2/projects/logicar-8d096/locations/-/functions {"functions":[{"name":"projects/logicar-8d096/locations/us-central1/functions/ssrlogicarwebsite","buildConfig":{"build":"projects/811934711912/locations/us-central1/builds/70d02bc8-9805-464f-b419-7f028162b05f","runtime":"nodejs18","entryPoint":"ssr","source":{"storageSource":{"bucket":"gcf-v2-sources-811934711912-us-central1","object":"ssrlogicarwebsite/function-source.zip"}},"sourceProvenance":{"resolvedStorageSource":{"bucket":"gcf-v2-sources-811934711912-us-central1","object":"ssrlogicarwebsite/function-source.zip","generation":"1672421549206996"}}},"state":"FAILED","updateTime":"2022-12-30T17:33:16.258926042Z","labels":{"firebase-functions-hash":"27bc0bc0caaf79f9c52d1994f3709c1c11c94729","deployment-tool":"cli-firebase","firebase-functions-codebase":"firebase-frameworks-logicarwebsite"},"stateMessages":[{"severity":"ERROR","type":"CloudRunServiceNotFound","message":"Cloud Run service projects/logicar-8d096/locations/us-central1/services/ssrlogicarwebsite for the function was not found. The function will not work correctly. Please redeploy."}],"environment":"GEN_2"}]}
[debug] [2022-12-30T21:31:26.306Z] TypeError: Cannot read properties of undefined (reading 'service')
    at /usr/local/lib/node_modules/firebase-tools/lib/deploy/functions/backend.js:198:113
    at Array.map (<anonymous>)
    at loadExistingBackend (/usr/local/lib/node_modules/firebase-tools/lib/deploy/functions/backend.js:198:69)
    at process.processTicksAndRejections (node:internal/process/task_queues:95:5)
    at async Object.existingBackend (/usr/local/lib/node_modules/firebase-tools/lib/deploy/functions/backend.js:174:9)
    at async Promise.all (index 1)
    at async Command.actionFn (/usr/local/lib/node_modules/firebase-tools/lib/commands/functions-delete.js:35:39)
[error] 
[error] Error: An unexpected error has occurred.
[debug] [2022-12-31T10:35:17.927Z] ----------------------------------------------------------------------
[debug] [2022-12-31T10:35:17.928Z] Command:       /usr/local/bin/node /usr/local/bin/firebase functions:delete ssrlogicarwebsite --force
[debug] [2022-12-31T10:35:17.928Z] CLI Version:   11.19.0
[debug] [2022-12-31T10:35:17.929Z] Platform:      darwin
[debug] [2022-12-31T10:35:17.929Z] Node Version:  v18.12.1
[debug] [2022-12-31T10:35:17.932Z] Time:          Sat Dec 31 2022 11:35:17 GMT+0100 (Central European Standard Time)
[debug] [2022-12-31T10:35:17.932Z] ----------------------------------------------------------------------
[debug] 
[debug] [2022-12-31T10:35:17.965Z] > command requires scopes: ["email","openid","https://www.googleapis.com/auth/cloudplatformprojects.readonly","https://www.googleapis.com/auth/firebase","https://www.googleapis.com/auth/cloud-platform"]
[debug] [2022-12-31T10:35:17.965Z] > authorizing via signed-in user (anders.morille@gmail.com)
[debug] [2022-12-31T10:35:17.965Z] [iam] checking project logicar-8d096 for permissions ["cloudfunctions.functions.delete","cloudfunctions.functions.list","firebase.projects.get"]
[debug] [2022-12-31T10:35:17.966Z] > refreshing access token with scopes: []
[debug] [2022-12-31T10:35:17.967Z] >>> [apiv2][query] POST https://www.googleapis.com/oauth2/v3/token [none]
[debug] [2022-12-31T10:35:17.967Z] >>> [apiv2][body] POST https://www.googleapis.com/oauth2/v3/token [omitted]
[debug] [2022-12-31T10:35:18.087Z] <<< [apiv2][status] POST https://www.googleapis.com/oauth2/v3/token 200
[debug] [2022-12-31T10:35:18.087Z] <<< [apiv2][body] POST https://www.googleapis.com/oauth2/v3/token [omitted]
[debug] [2022-12-31T10:35:18.099Z] >>> [apiv2][query] POST https://cloudresourcemanager.googleapis.com/v1/projects/logicar-8d096:testIamPermissions [none]
[debug] [2022-12-31T10:35:18.099Z] >>> [apiv2][(partial)header] POST https://cloudresourcemanager.googleapis.com/v1/projects/logicar-8d096:testIamPermissions x-goog-quota-user=projects/logicar-8d096
[debug] [2022-12-31T10:35:18.099Z] >>> [apiv2][body] POST https://cloudresourcemanager.googleapis.com/v1/projects/logicar-8d096:testIamPermissions {"permissions":["cloudfunctions.functions.delete","cloudfunctions.functions.list","firebase.projects.get"]}
[debug] [2022-12-31T10:35:18.912Z] <<< [apiv2][status] POST https://cloudresourcemanager.googleapis.com/v1/projects/logicar-8d096:testIamPermissions 200
[debug] [2022-12-31T10:35:18.912Z] <<< [apiv2][body] POST https://cloudresourcemanager.googleapis.com/v1/projects/logicar-8d096:testIamPermissions {"permissions":["cloudfunctions.functions.delete","cloudfunctions.functions.list","firebase.projects.get"]}
[debug] [2022-12-31T10:35:18.913Z] >>> [apiv2][query] GET https://firebase.googleapis.com/v1beta1/projects/logicar-8d096/adminSdkConfig [none]
[debug] [2022-12-31T10:35:18.914Z] >>> [apiv2][query] GET https://cloudfunctions.googleapis.com/v1/projects/logicar-8d096/locations/-/functions [none]
[debug] [2022-12-31T10:35:19.215Z] <<< [apiv2][status] GET https://firebase.googleapis.com/v1beta1/projects/logicar-8d096/adminSdkConfig 200
[debug] [2022-12-31T10:35:19.215Z] <<< [apiv2][body] GET https://firebase.googleapis.com/v1beta1/projects/logicar-8d096/adminSdkConfig {"projectId":"logicar-8d096","storageBucket":"logicar-8d096.appspot.com","locationId":"europe-west"}
[debug] [2022-12-31T10:35:19.633Z] <<< [apiv2][status] GET https://cloudfunctions.googleapis.com/v1/projects/logicar-8d096/locations/-/functions 200
[debug] [2022-12-31T10:35:19.633Z] <<< [apiv2][body] GET https://cloudfunctions.googleapis.com/v1/projects/logicar-8d096/locations/-/functions {"functions":[{"name":"projects/logicar-8d096/locations/europe-west1/functions/api","httpsTrigger":{"url":"https://europe-west1-logicar-8d096.cloudfunctions.net/api","securityLevel":"SECURE_ALWAYS"},"status":"ACTIVE","entryPoint":"api","timeout":"540s","availableMemoryMb":8192,"serviceAccountEmail":"logicar-8d096@appspot.gserviceaccount.com","updateTime":"2022-12-20T10:36:50.318Z","versionId":"14","labels":{"deployment-tool":"cli-firebase","firebase-functions-hash":"e953dd31c2b67a420470ef07364426bb14c46f6c"},"sourceUploadUrl":"https://storage.googleapis.com/uploads-875102479299.europe-west1.cloudfunctions.appspot.com/cabbd2bc-4d2c-4858-b238-0671d4b0dd93.zip","environmentVariables":{"FIREBASE_CONFIG":"{\"projectId\":\"logicar-8d096\",\"storageBucket\":\"logicar-8d096.appspot.com\",\"locationId\":\"europe-west\"}","GCLOUD_PROJECT":"logicar-8d096","EVENTARC_CLOUD_EVENT_SOURCE":"projects/logicar-8d096/locations/europe-west1/functions/api"},"runtime":"nodejs16","ingressSettings":"ALLOW_ALL","buildId":"a0276f5a-d847-4d3e-9bac-622ea2f20b02","buildName":"projects/811934711912/locations/europe-west1/builds/a0276f5a-d847-4d3e-9bac-622ea2f20b02","dockerRegistry":"ARTIFACT_REGISTRY"}]}
[debug] [2022-12-31T10:35:19.635Z] >>> [apiv2][query] GET https://cloudfunctions.googleapis.com/v2/projects/logicar-8d096/locations/-/functions filter=environment%3D%22GEN_2%22
[debug] [2022-12-31T10:35:20.779Z] <<< [apiv2][status] GET https://cloudfunctions.googleapis.com/v2/projects/logicar-8d096/locations/-/functions 200
[debug] [2022-12-31T10:35:20.779Z] <<< [apiv2][body] GET https://cloudfunctions.googleapis.com/v2/projects/logicar-8d096/locations/-/functions {"functions":[{"name":"projects/logicar-8d096/locations/us-central1/functions/ssrlogicarwebsite","buildConfig":{"build":"projects/811934711912/locations/us-central1/builds/70d02bc8-9805-464f-b419-7f028162b05f","runtime":"nodejs18","entryPoint":"ssr","source":{"storageSource":{"bucket":"gcf-v2-sources-811934711912-us-central1","object":"ssrlogicarwebsite/function-source.zip"}},"sourceProvenance":{"resolvedStorageSource":{"bucket":"gcf-v2-sources-811934711912-us-central1","object":"ssrlogicarwebsite/function-source.zip","generation":"1672421549206996"}}},"state":"FAILED","updateTime":"2022-12-30T17:33:16.258926042Z","labels":{"firebase-functions-codebase":"firebase-frameworks-logicarwebsite","firebase-functions-hash":"27bc0bc0caaf79f9c52d1994f3709c1c11c94729","deployment-tool":"cli-firebase"},"stateMessages":[{"severity":"ERROR","type":"CloudRunServiceNotFound","message":"Cloud Run service projects/logicar-8d096/locations/us-central1/services/ssrlogicarwebsite for the function was not found. The function will not work correctly. Please redeploy."}],"environment":"GEN_2"}]}
[debug] [2022-12-31T10:35:20.780Z] TypeError: Cannot read properties of undefined (reading 'service')
    at /usr/local/lib/node_modules/firebase-tools/lib/deploy/functions/backend.js:198:113
    at Array.map (<anonymous>)
    at loadExistingBackend (/usr/local/lib/node_modules/firebase-tools/lib/deploy/functions/backend.js:198:69)
    at process.processTicksAndRejections (node:internal/process/task_queues:95:5)
    at async Object.existingBackend (/usr/local/lib/node_modules/firebase-tools/lib/deploy/functions/backend.js:174:9)
    at async Promise.all (index 1)
    at async Command.actionFn (/usr/local/lib/node_modules/firebase-tools/lib/commands/functions-delete.js:35:39)
[error] 
[error] Error: An unexpected error has occurred.
